mode: set
github.com/GolangToolKits/go-secure-sessions/cookieSession.go:23.53,25.2 0 0
github.com/GolangToolKits/go-secure-sessions/cookieSession.go:28.45,30.2 1 0
github.com/GolangToolKits/go-secure-sessions/cookieSession.go:33.76,35.2 1 0
github.com/GolangToolKits/go-secure-sessions/sessionManager.go:37.88,41.16 4 1
github.com/GolangToolKits/go-secure-sessions/sessionManager.go:50.2,50.20 1 1
github.com/GolangToolKits/go-secure-sessions/sessionManager.go:41.16,47.3 4 1
github.com/GolangToolKits/go-secure-sessions/sessionManager.go:47.8,49.3 1 1
github.com/GolangToolKits/go-secure-sessions/sessionManager.go:54.68,56.43 2 1
github.com/GolangToolKits/go-secure-sessions/sessionManager.go:77.2,77.12 1 1
github.com/GolangToolKits/go-secure-sessions/sessionManager.go:56.43,59.32 2 1
github.com/GolangToolKits/go-secure-sessions/sessionManager.go:59.32,61.4 1 1
github.com/GolangToolKits/go-secure-sessions/sessionManager.go:61.9,67.27 5 1
github.com/GolangToolKits/go-secure-sessions/sessionManager.go:72.4,74.14 3 1
github.com/GolangToolKits/go-secure-sessions/sessionManager.go:67.27,69.5 1 1
github.com/GolangToolKits/go-secure-sessions/sessionManager.go:69.10,71.5 1 1
github.com/GolangToolKits/go-secure-sessions/sessionManager.go:81.77,85.28 4 1
github.com/GolangToolKits/go-secure-sessions/sessionManager.go:95.2,95.20 1 1
github.com/GolangToolKits/go-secure-sessions/sessionManager.go:85.28,87.17 2 1
github.com/GolangToolKits/go-secure-sessions/sessionManager.go:87.17,89.4 1 1
github.com/GolangToolKits/go-secure-sessions/sessionManager.go:89.9,91.4 1 1
github.com/GolangToolKits/go-secure-sessions/sessionManager.go:92.8,94.3 1 1
github.com/GolangToolKits/go-secure-sessions/sessionManager.go:98.63,102.14 4 1
github.com/GolangToolKits/go-secure-sessions/sessionManager.go:127.2,127.11 1 1
github.com/GolangToolKits/go-secure-sessions/sessionManager.go:130.2,130.20 1 1
github.com/GolangToolKits/go-secure-sessions/sessionManager.go:102.14,107.17 5 1
github.com/GolangToolKits/go-secure-sessions/sessionManager.go:107.17,109.18 2 1
github.com/GolangToolKits/go-secure-sessions/sessionManager.go:109.18,111.19 2 1
github.com/GolangToolKits/go-secure-sessions/sessionManager.go:111.19,113.20 2 1
github.com/GolangToolKits/go-secure-sessions/sessionManager.go:113.20,115.21 2 1
github.com/GolangToolKits/go-secure-sessions/sessionManager.go:115.21,117.22 2 1
github.com/GolangToolKits/go-secure-sessions/sessionManager.go:117.22,120.9 2 1
github.com/GolangToolKits/go-secure-sessions/sessionManager.go:127.11,129.3 1 1
github.com/GolangToolKits/go-secure-sessions/sessionManager.go:133.66,140.16 6 1
github.com/GolangToolKits/go-secure-sessions/sessionManager.go:166.2,166.11 1 1
github.com/GolangToolKits/go-secure-sessions/sessionManager.go:169.2,169.20 1 1
github.com/GolangToolKits/go-secure-sessions/sessionManager.go:140.16,144.17 4 1
github.com/GolangToolKits/go-secure-sessions/sessionManager.go:144.17,146.18 2 1
github.com/GolangToolKits/go-secure-sessions/sessionManager.go:146.18,148.19 2 1
github.com/GolangToolKits/go-secure-sessions/sessionManager.go:148.19,150.20 2 1
github.com/GolangToolKits/go-secure-sessions/sessionManager.go:150.20,152.21 2 1
github.com/GolangToolKits/go-secure-sessions/sessionManager.go:152.21,154.22 2 1
github.com/GolangToolKits/go-secure-sessions/sessionManager.go:154.22,159.9 3 1
github.com/GolangToolKits/go-secure-sessions/sessionManager.go:166.11,168.3 1 1
