mode: set
github.com/GolangToolKits/go-secure-sessions/cookieSession.go:21.52,22.21 1 1
github.com/GolangToolKits/go-secure-sessions/cookieSession.go:22.21,24.3 1 1
github.com/GolangToolKits/go-secure-sessions/cookieSession.go:25.2,25.23 1 1
github.com/GolangToolKits/go-secure-sessions/cookieSession.go:29.45,31.21 2 1
github.com/GolangToolKits/go-secure-sessions/cookieSession.go:31.21,33.3 1 1
github.com/GolangToolKits/go-secure-sessions/cookieSession.go:33.8,35.3 1 1
github.com/GolangToolKits/go-secure-sessions/cookieSession.go:36.2,36.12 1 1
github.com/GolangToolKits/go-secure-sessions/cookieSession.go:40.59,43.9 3 1
github.com/GolangToolKits/go-secure-sessions/cookieSession.go:43.9,45.3 1 1
github.com/GolangToolKits/go-secure-sessions/cookieSession.go:46.2,46.15 1 1
github.com/GolangToolKits/go-secure-sessions/sessionManager.go:32.88,36.16 4 1
github.com/GolangToolKits/go-secure-sessions/sessionManager.go:36.16,41.3 4 1
github.com/GolangToolKits/go-secure-sessions/sessionManager.go:41.8,43.3 1 1
github.com/GolangToolKits/go-secure-sessions/sessionManager.go:44.2,44.20 1 1
github.com/GolangToolKits/go-secure-sessions/sessionManager.go:50.68,52.43 2 1
github.com/GolangToolKits/go-secure-sessions/sessionManager.go:52.43,54.32 2 1
github.com/GolangToolKits/go-secure-sessions/sessionManager.go:54.32,56.4 1 1
github.com/GolangToolKits/go-secure-sessions/sessionManager.go:56.9,60.27 4 1
github.com/GolangToolKits/go-secure-sessions/sessionManager.go:60.27,62.5 1 1
github.com/GolangToolKits/go-secure-sessions/sessionManager.go:62.10,64.5 1 1
github.com/GolangToolKits/go-secure-sessions/sessionManager.go:65.4,67.14 3 1
github.com/GolangToolKits/go-secure-sessions/sessionManager.go:70.2,70.12 1 1
github.com/GolangToolKits/go-secure-sessions/sessionManager.go:74.70,76.14 2 1
github.com/GolangToolKits/go-secure-sessions/sessionManager.go:76.14,79.17 3 1
github.com/GolangToolKits/go-secure-sessions/sessionManager.go:79.17,87.18 8 1
github.com/GolangToolKits/go-secure-sessions/sessionManager.go:87.18,89.5 1 1
github.com/GolangToolKits/go-secure-sessions/sessionManager.go:92.2,92.12 1 1
github.com/GolangToolKits/go-secure-sessions/sessionManager.go:96.77,100.28 4 1
github.com/GolangToolKits/go-secure-sessions/sessionManager.go:100.28,102.17 2 1
github.com/GolangToolKits/go-secure-sessions/sessionManager.go:102.17,104.4 1 1
github.com/GolangToolKits/go-secure-sessions/sessionManager.go:104.9,106.4 1 1
github.com/GolangToolKits/go-secure-sessions/sessionManager.go:107.8,109.3 1 1
github.com/GolangToolKits/go-secure-sessions/sessionManager.go:110.2,110.20 1 1
github.com/GolangToolKits/go-secure-sessions/sessionManager.go:113.63,117.14 4 1
github.com/GolangToolKits/go-secure-sessions/sessionManager.go:117.14,122.17 5 1
github.com/GolangToolKits/go-secure-sessions/sessionManager.go:122.17,124.18 2 1
github.com/GolangToolKits/go-secure-sessions/sessionManager.go:124.18,126.19 2 1
github.com/GolangToolKits/go-secure-sessions/sessionManager.go:126.19,128.20 2 1
github.com/GolangToolKits/go-secure-sessions/sessionManager.go:128.20,130.21 2 1
github.com/GolangToolKits/go-secure-sessions/sessionManager.go:130.21,132.22 2 1
github.com/GolangToolKits/go-secure-sessions/sessionManager.go:132.22,135.9 2 1
github.com/GolangToolKits/go-secure-sessions/sessionManager.go:142.2,142.11 1 1
github.com/GolangToolKits/go-secure-sessions/sessionManager.go:142.11,144.3 1 1
github.com/GolangToolKits/go-secure-sessions/sessionManager.go:145.2,145.20 1 1
github.com/GolangToolKits/go-secure-sessions/sessionManager.go:148.66,155.16 6 1
github.com/GolangToolKits/go-secure-sessions/sessionManager.go:155.16,159.17 4 1
github.com/GolangToolKits/go-secure-sessions/sessionManager.go:159.17,161.18 2 1
github.com/GolangToolKits/go-secure-sessions/sessionManager.go:161.18,163.19 2 1
github.com/GolangToolKits/go-secure-sessions/sessionManager.go:163.19,165.20 2 1
github.com/GolangToolKits/go-secure-sessions/sessionManager.go:165.20,167.21 2 1
github.com/GolangToolKits/go-secure-sessions/sessionManager.go:167.21,169.22 2 1
github.com/GolangToolKits/go-secure-sessions/sessionManager.go:169.22,175.9 3 1
github.com/GolangToolKits/go-secure-sessions/sessionManager.go:182.2,182.11 1 1
github.com/GolangToolKits/go-secure-sessions/sessionManager.go:182.11,184.3 1 1
github.com/GolangToolKits/go-secure-sessions/sessionManager.go:185.2,185.20 1 1
